<component name="libraryTable">
  <library name="junit-4.12">
    <CLASSES>
      <root url="jar://E:/谷歌/mybatis/mybatis-3.5.0/lib/junit-4.12.jar!/" />
    </CLASSES>
    <JAVADOC />
    <SOURCES />
  </library>
</component>